Info: Starting: Create block symbol file (.bsf)
Info: qsys-generate C:\Users\beckb\Documents\GitHub\Compsys701-Labs\Assignment_1\Part_1_Quartus\Nios_System_A1.qsys --block-symbol-file --output-directory=C:\Users\beckb\Documents\GitHub\Compsys701-Labs\Assignment_1\Part_1_Quartus\Nios_System_A1 --family="Cyclone V" --part=5CSEMA5F31C6
Progress: Loading Part_1_Quartus/Nios_System_A1.qsys
Progress: Reading input file
Progress: Adding BUTTON_pio [altera_avalon_pio 18.1]
Progress: Parameterizing module BUTTON_pio
Progress: Adding LED_pio [altera_avalon_pio 18.1]
Progress: Parameterizing module LED_pio
Progress: Adding Segment_1 [altera_avalon_pio 18.1]
Progress: Parameterizing module Segment_1
Progress: Adding Segment_2 [altera_avalon_pio 18.1]
Progress: Parameterizing module Segment_2
Progress: Adding Segment_3 [altera_avalon_pio 18.1]
Progress: Parameterizing module Segment_3
Progress: Adding Segment_4 [altera_avalon_pio 18.1]
Progress: Parameterizing module Segment_4
Progress: Adding Switches_0_7 [altera_avalon_pio 18.1]
Progress: Parameterizing module Switches_0_7
Progress: Adding clocks [altera_up_avalon_sys_sdram_pll 18.0]
Progress: Parameterizing module clocks
Progress: Adding cpu [altera_nios2_gen2 18.1]
Progress: Parameterizing module cpu
Progress: Adding high_res_timer [altera_avalon_timer 18.1]
Progress: Parameterizing module high_res_timer
Progress: Adding jtag_uart [altera_avalon_jtag_uart 18.1]
Progress: Parameterizing module jtag_uart
Progress: Adding onchip_memory [altera_avalon_onchip_memory2 18.1]
Progress: Parameterizing module onchip_memory
Progress: Adding sdram [altera_avalon_new_sdram_controller 18.1]
Progress: Parameterizing module sdram
Progress: Building connections
Progress: Parameterizing connections
Progress: Validating
Progress: Done reading input file
Info: Nios_System_A1.BUTTON_pio: PIO inputs are not hardwired in test bench. Undefined values will be read from PIO inputs during simulation.
Info: Nios_System_A1.Switches_0_7: PIO inputs are not hardwired in test bench. Undefined values will be read from PIO inputs during simulation.
Info: Nios_System_A1.clocks: Refclk Freq: 50.0
Info: Nios_System_A1.jtag_uart: JTAG UART IP input clock need to be at least double (2x) the operating frequency of JTAG TCK on board
Info: Nios_System_A1.sdram: SDRAM Controller will only be supported in Quartus Prime Standard Edition in the future release.
Info: qsys-generate succeeded.
Info: Finished: Create block symbol file (.bsf)
Info: 
Info: Starting: Create HDL design files for synthesis
Info: qsys-generate C:\Users\beckb\Documents\GitHub\Compsys701-Labs\Assignment_1\Part_1_Quartus\Nios_System_A1.qsys --synthesis=VHDL --output-directory=C:\Users\beckb\Documents\GitHub\Compsys701-Labs\Assignment_1\Part_1_Quartus\Nios_System_A1\synthesis --family="Cyclone V" --part=5CSEMA5F31C6
Progress: Loading Part_1_Quartus/Nios_System_A1.qsys
Progress: Reading input file
Progress: Adding BUTTON_pio [altera_avalon_pio 18.1]
Progress: Parameterizing module BUTTON_pio
Progress: Adding LED_pio [altera_avalon_pio 18.1]
Progress: Parameterizing module LED_pio
Progress: Adding Segment_1 [altera_avalon_pio 18.1]
Progress: Parameterizing module Segment_1
Progress: Adding Segment_2 [altera_avalon_pio 18.1]
Progress: Parameterizing module Segment_2
Progress: Adding Segment_3 [altera_avalon_pio 18.1]
Progress: Parameterizing module Segment_3
Progress: Adding Segment_4 [altera_avalon_pio 18.1]
Progress: Parameterizing module Segment_4
Progress: Adding Switches_0_7 [altera_avalon_pio 18.1]
Progress: Parameterizing module Switches_0_7
Progress: Adding clocks [altera_up_avalon_sys_sdram_pll 18.0]
Progress: Parameterizing module clocks
Progress: Adding cpu [altera_nios2_gen2 18.1]
Progress: Parameterizing module cpu
Progress: Adding high_res_timer [altera_avalon_timer 18.1]
Progress: Parameterizing module high_res_timer
Progress: Adding jtag_uart [altera_avalon_jtag_uart 18.1]
Progress: Parameterizing module jtag_uart
Progress: Adding onchip_memory [altera_avalon_onchip_memory2 18.1]
Progress: Parameterizing module onchip_memory
Progress: Adding sdram [altera_avalon_new_sdram_controller 18.1]
Progress: Parameterizing module sdram
Progress: Building connections
Progress: Parameterizing connections
Progress: Validating
Progress: Done reading input file
Info: Nios_System_A1.BUTTON_pio: PIO inputs are not hardwired in test bench. Undefined values will be read from PIO inputs during simulation.
Info: Nios_System_A1.Switches_0_7: PIO inputs are not hardwired in test bench. Undefined values will be read from PIO inputs during simulation.
Info: Nios_System_A1.clocks: Refclk Freq: 50.0
Info: Nios_System_A1.jtag_uart: JTAG UART IP input clock need to be at least double (2x) the operating frequency of JTAG TCK on board
Info: Nios_System_A1.sdram: SDRAM Controller will only be supported in Quartus Prime Standard Edition in the future release.
Info: Nios_System_A1: Generating Nios_System_A1 "Nios_System_A1" for QUARTUS_SYNTH
Info: BUTTON_pio: Starting RTL generation for module 'Nios_System_A1_BUTTON_pio'
Info: BUTTON_pio:   Generation command is [exec C:/intelfpga_lite/18.1/quartus/bin64/perl/bin/perl.exe -I C:/intelfpga_lite/18.1/quartus/bin64/perl/lib -I C:/intelfpga_lite/18.1/quartus/sopc_builder/bin/europa -I C:/intelfpga_lite/18.1/quartus/sopc_builder/bin/perl_lib -I C:/intelfpga_lite/18.1/quartus/sopc_builder/bin -I C:/intelfpga_lite/18.1/quartus/../ip/altera/sopc_builder_ip/common -I C:/intelfpga_lite/18.1/quartus/../ip/altera/sopc_builder_ip/altera_avalon_pio -- C:/intelfpga_lite/18.1/quartus/../ip/altera/sopc_builder_ip/altera_avalon_pio/generate_rtl.pl --name=Nios_System_A1_BUTTON_pio --dir=C:/Users/beckb/AppData/Local/Temp/alt9440_8679225372351455874.dir/0002_BUTTON_pio_gen/ --quartus_dir=C:/intelfpga_lite/18.1/quartus --verilog --config=C:/Users/beckb/AppData/Local/Temp/alt9440_8679225372351455874.dir/0002_BUTTON_pio_gen//Nios_System_A1_BUTTON_pio_component_configuration.pl  --do_build_sim=0  ]
Info: BUTTON_pio: Done RTL generation for module 'Nios_System_A1_BUTTON_pio'
Info: BUTTON_pio: "Nios_System_A1" instantiated altera_avalon_pio "BUTTON_pio"
Info: LED_pio: Starting RTL generation for module 'Nios_System_A1_LED_pio'
Info: LED_pio:   Generation command is [exec C:/intelfpga_lite/18.1/quartus/bin64/perl/bin/perl.exe -I C:/intelfpga_lite/18.1/quartus/bin64/perl/lib -I C:/intelfpga_lite/18.1/quartus/sopc_builder/bin/europa -I C:/intelfpga_lite/18.1/quartus/sopc_builder/bin/perl_lib -I C:/intelfpga_lite/18.1/quartus/sopc_builder/bin -I C:/intelfpga_lite/18.1/quartus/../ip/altera/sopc_builder_ip/common -I C:/intelfpga_lite/18.1/quartus/../ip/altera/sopc_builder_ip/altera_avalon_pio -- C:/intelfpga_lite/18.1/quartus/../ip/altera/sopc_builder_ip/altera_avalon_pio/generate_rtl.pl --name=Nios_System_A1_LED_pio --dir=C:/Users/beckb/AppData/Local/Temp/alt9440_8679225372351455874.dir/0003_LED_pio_gen/ --quartus_dir=C:/intelfpga_lite/18.1/quartus --verilog --config=C:/Users/beckb/AppData/Local/Temp/alt9440_8679225372351455874.dir/0003_LED_pio_gen//Nios_System_A1_LED_pio_component_configuration.pl  --do_build_sim=0  ]
Info: LED_pio: Done RTL generation for module 'Nios_System_A1_LED_pio'
Info: LED_pio: "Nios_System_A1" instantiated altera_avalon_pio "LED_pio"
Info: Segment_1: Starting RTL generation for module 'Nios_System_A1_Segment_1'
Info: Segment_1:   Generation command is [exec C:/intelfpga_lite/18.1/quartus/bin64/perl/bin/perl.exe -I C:/intelfpga_lite/18.1/quartus/bin64/perl/lib -I C:/intelfpga_lite/18.1/quartus/sopc_builder/bin/europa -I C:/intelfpga_lite/18.1/quartus/sopc_builder/bin/perl_lib -I C:/intelfpga_lite/18.1/quartus/sopc_builder/bin -I C:/intelfpga_lite/18.1/quartus/../ip/altera/sopc_builder_ip/common -I C:/intelfpga_lite/18.1/quartus/../ip/altera/sopc_builder_ip/altera_avalon_pio -- C:/intelfpga_lite/18.1/quartus/../ip/altera/sopc_builder_ip/altera_avalon_pio/generate_rtl.pl --name=Nios_System_A1_Segment_1 --dir=C:/Users/beckb/AppData/Local/Temp/alt9440_8679225372351455874.dir/0004_Segment_1_gen/ --quartus_dir=C:/intelfpga_lite/18.1/quartus --verilog --config=C:/Users/beckb/AppData/Local/Temp/alt9440_8679225372351455874.dir/0004_Segment_1_gen//Nios_System_A1_Segment_1_component_configuration.pl  --do_build_sim=0  ]
Info: Segment_1: Done RTL generation for module 'Nios_System_A1_Segment_1'
Info: Segment_1: "Nios_System_A1" instantiated altera_avalon_pio "Segment_1"
Info: Switches_0_7: Starting RTL generation for module 'Nios_System_A1_Switches_0_7'
Info: Switches_0_7:   Generation command is [exec C:/intelfpga_lite/18.1/quartus/bin64/perl/bin/perl.exe -I C:/intelfpga_lite/18.1/quartus/bin64/perl/lib -I C:/intelfpga_lite/18.1/quartus/sopc_builder/bin/europa -I C:/intelfpga_lite/18.1/quartus/sopc_builder/bin/perl_lib -I C:/intelfpga_lite/18.1/quartus/sopc_builder/bin -I C:/intelfpga_lite/18.1/quartus/../ip/altera/sopc_builder_ip/common -I C:/intelfpga_lite/18.1/quartus/../ip/altera/sopc_builder_ip/altera_avalon_pio -- C:/intelfpga_lite/18.1/quartus/../ip/altera/sopc_builder_ip/altera_avalon_pio/generate_rtl.pl --name=Nios_System_A1_Switches_0_7 --dir=C:/Users/beckb/AppData/Local/Temp/alt9440_8679225372351455874.dir/0005_Switches_0_7_gen/ --quartus_dir=C:/intelfpga_lite/18.1/quartus --verilog --config=C:/Users/beckb/AppData/Local/Temp/alt9440_8679225372351455874.dir/0005_Switches_0_7_gen//Nios_System_A1_Switches_0_7_component_configuration.pl  --do_build_sim=0  ]
Info: Switches_0_7: Done RTL generation for module 'Nios_System_A1_Switches_0_7'
Info: Switches_0_7: "Nios_System_A1" instantiated altera_avalon_pio "Switches_0_7"
Info: clocks: "Nios_System_A1" instantiated altera_up_avalon_sys_sdram_pll "clocks"
Info: cpu: "Nios_System_A1" instantiated altera_nios2_gen2 "cpu"
Info: high_res_timer: Starting RTL generation for module 'Nios_System_A1_high_res_timer'
Info: high_res_timer:   Generation command is [exec C:/intelFPGA_lite/18.1/quartus/bin64//perl/bin/perl.exe -I C:/intelFPGA_lite/18.1/quartus/bin64//perl/lib -I C:/intelfpga_lite/18.1/quartus/sopc_builder/bin/europa -I C:/intelfpga_lite/18.1/quartus/sopc_builder/bin/perl_lib -I C:/intelfpga_lite/18.1/quartus/sopc_builder/bin -I C:/intelfpga_lite/18.1/quartus/../ip/altera/sopc_builder_ip/common -I C:/intelfpga_lite/18.1/quartus/../ip/altera/sopc_builder_ip/altera_avalon_timer -- C:/intelfpga_lite/18.1/quartus/../ip/altera/sopc_builder_ip/altera_avalon_timer/generate_rtl.pl --name=Nios_System_A1_high_res_timer --dir=C:/Users/beckb/AppData/Local/Temp/alt9440_8679225372351455874.dir/0006_high_res_timer_gen/ --quartus_dir=C:/intelfpga_lite/18.1/quartus --verilog --config=C:/Users/beckb/AppData/Local/Temp/alt9440_8679225372351455874.dir/0006_high_res_timer_gen//Nios_System_A1_high_res_timer_component_configuration.pl  --do_build_sim=0  ]
Info: high_res_timer: Done RTL generation for module 'Nios_System_A1_high_res_timer'
Info: high_res_timer: "Nios_System_A1" instantiated altera_avalon_timer "high_res_timer"
Info: jtag_uart: Starting RTL generation for module 'Nios_System_A1_jtag_uart'
Info: jtag_uart:   Generation command is [exec C:/intelfpga_lite/18.1/quartus/bin64/perl/bin/perl.exe -I C:/intelfpga_lite/18.1/quartus/bin64/perl/lib -I C:/intelfpga_lite/18.1/quartus/sopc_builder/bin/europa -I C:/intelfpga_lite/18.1/quartus/sopc_builder/bin/perl_lib -I C:/intelfpga_lite/18.1/quartus/sopc_builder/bin -I C:/intelfpga_lite/18.1/quartus/../ip/altera/sopc_builder_ip/common -I C:/intelfpga_lite/18.1/quartus/../ip/altera/sopc_builder_ip/altera_avalon_jtag_uart -- C:/intelfpga_lite/18.1/quartus/../ip/altera/sopc_builder_ip/altera_avalon_jtag_uart/generate_rtl.pl --name=Nios_System_A1_jtag_uart --dir=C:/Users/beckb/AppData/Local/Temp/alt9440_8679225372351455874.dir/0007_jtag_uart_gen/ --quartus_dir=C:/intelfpga_lite/18.1/quartus --verilog --config=C:/Users/beckb/AppData/Local/Temp/alt9440_8679225372351455874.dir/0007_jtag_uart_gen//Nios_System_A1_jtag_uart_component_configuration.pl  --do_build_sim=0  ]
Info: jtag_uart: Done RTL generation for module 'Nios_System_A1_jtag_uart'
Info: jtag_uart: "Nios_System_A1" instantiated altera_avalon_jtag_uart "jtag_uart"
Info: onchip_memory: Starting RTL generation for module 'Nios_System_A1_onchip_memory'
Info: onchip_memory:   Generation command is [exec C:/intelfpga_lite/18.1/quartus/bin64/perl/bin/perl.exe -I C:/intelfpga_lite/18.1/quartus/bin64/perl/lib -I C:/intelfpga_lite/18.1/quartus/sopc_builder/bin/europa -I C:/intelfpga_lite/18.1/quartus/sopc_builder/bin/perl_lib -I C:/intelfpga_lite/18.1/quartus/sopc_builder/bin -I C:/intelfpga_lite/18.1/quartus/../ip/altera/sopc_builder_ip/common -I C:/intelfpga_lite/18.1/quartus/../ip/altera/sopc_builder_ip/altera_avalon_onchip_memory2 -- C:/intelfpga_lite/18.1/quartus/../ip/altera/sopc_builder_ip/altera_avalon_onchip_memory2/generate_rtl.pl --name=Nios_System_A1_onchip_memory --dir=C:/Users/beckb/AppData/Local/Temp/alt9440_8679225372351455874.dir/0008_onchip_memory_gen/ --quartus_dir=C:/intelfpga_lite/18.1/quartus --verilog --config=C:/Users/beckb/AppData/Local/Temp/alt9440_8679225372351455874.dir/0008_onchip_memory_gen//Nios_System_A1_onchip_memory_component_configuration.pl  --do_build_sim=0  ]
Info: onchip_memory: Done RTL generation for module 'Nios_System_A1_onchip_memory'
Info: onchip_memory: "Nios_System_A1" instantiated altera_avalon_onchip_memory2 "onchip_memory"
Info: sdram: Starting RTL generation for module 'Nios_System_A1_sdram'
Info: sdram:   Generation command is [exec C:/intelfpga_lite/18.1/quartus/bin64/perl/bin/perl.exe -I C:/intelfpga_lite/18.1/quartus/bin64/perl/lib -I C:/intelfpga_lite/18.1/quartus/sopc_builder/bin/europa -I C:/intelfpga_lite/18.1/quartus/sopc_builder/bin/perl_lib -I C:/intelfpga_lite/18.1/quartus/sopc_builder/bin -I C:/intelfpga_lite/18.1/quartus/../ip/altera/sopc_builder_ip/common -I C:/intelfpga_lite/18.1/quartus/../ip/altera/sopc_builder_ip/altera_avalon_new_sdram_controller -- C:/intelfpga_lite/18.1/quartus/../ip/altera/sopc_builder_ip/altera_avalon_new_sdram_controller/generate_rtl.pl --name=Nios_System_A1_sdram --dir=C:/Users/beckb/AppData/Local/Temp/alt9440_8679225372351455874.dir/0009_sdram_gen/ --quartus_dir=C:/intelfpga_lite/18.1/quartus --verilog --config=C:/Users/beckb/AppData/Local/Temp/alt9440_8679225372351455874.dir/0009_sdram_gen//Nios_System_A1_sdram_component_configuration.pl  --do_build_sim=0  ]
Info: sdram: Done RTL generation for module 'Nios_System_A1_sdram'
Info: sdram: "Nios_System_A1" instantiated altera_avalon_new_sdram_controller "sdram"
Info: avalon_st_adapter: Inserting error_adapter: error_adapter_0
Info: avalon_st_adapter_001: Inserting error_adapter: error_adapter_0
Info: avalon_st_adapter_002: Inserting error_adapter: error_adapter_0
Info: avalon_st_adapter_003: Inserting error_adapter: error_adapter_0
Info: avalon_st_adapter_004: Inserting error_adapter: error_adapter_0
Info: avalon_st_adapter_005: Inserting error_adapter: error_adapter_0
Info: avalon_st_adapter_006: Inserting error_adapter: error_adapter_0
Info: avalon_st_adapter_007: Inserting error_adapter: error_adapter_0
Info: avalon_st_adapter_008: Inserting error_adapter: error_adapter_0
Info: avalon_st_adapter_009: Inserting error_adapter: error_adapter_0
Info: avalon_st_adapter_010: Inserting error_adapter: error_adapter_0
Info: avalon_st_adapter_011: Inserting error_adapter: error_adapter_0
Info: mm_interconnect_0: "Nios_System_A1" instantiated altera_mm_interconnect "mm_interconnect_0"
Info: irq_mapper: "Nios_System_A1" instantiated altera_irq_mapper "irq_mapper"
Info: rst_controller: "Nios_System_A1" instantiated altera_reset_controller "rst_controller"
Info: sys_pll: "clocks" instantiated altera_pll "sys_pll"
Info: reset_from_locked: "clocks" instantiated altera_up_avalon_reset_from_locked_signal "reset_from_locked"
Info: cpu: Starting RTL generation for module 'Nios_System_A1_cpu_cpu'
Info: cpu:   Generation command is [exec C:/intelFPGA_lite/18.1/quartus/bin64//eperlcmd.exe -I C:/intelFPGA_lite/18.1/quartus/bin64//perl/lib -I C:/intelfpga_lite/18.1/quartus/sopc_builder/bin/europa -I C:/intelfpga_lite/18.1/quartus/sopc_builder/bin/perl_lib -I C:/intelfpga_lite/18.1/quartus/sopc_builder/bin -I C:/intelfpga_lite/18.1/quartus/../ip/altera/nios2_ip/altera_nios2_gen2/cpu_lib -I C:/intelfpga_lite/18.1/quartus/../ip/altera/nios2_ip/altera_nios2_gen2/nios_lib -I C:/intelfpga_lite/18.1/quartus/../ip/altera/nios2_ip/altera_nios2_gen2 -I C:/intelfpga_lite/18.1/quartus/../ip/altera/nios2_ip/altera_nios2_gen2 -- C:/intelfpga_lite/18.1/quartus/../ip/altera/nios2_ip/altera_nios2_gen2/generate_rtl.epl --name=Nios_System_A1_cpu_cpu --dir=C:/Users/beckb/AppData/Local/Temp/alt9440_8679225372351455874.dir/0014_cpu_gen/ --quartus_bindir=C:/intelFPGA_lite/18.1/quartus/bin64/ --verilog --config=C:/Users/beckb/AppData/Local/Temp/alt9440_8679225372351455874.dir/0014_cpu_gen//Nios_System_A1_cpu_cpu_processor_configuration.pl  --do_build_sim=0  ]
Info: cpu: # 2023.03.24 15:27:01 (*) Starting Nios II generation
Info: cpu: # 2023.03.24 15:27:01 (*)   Checking for plaintext license.
Info: cpu: # 2023.03.24 15:27:01 (*)   Couldn't query license setup in Quartus directory C:/intelFPGA_lite/18.1/quartus/bin64/
Info: cpu: # 2023.03.24 15:27:01 (*)   Defaulting to contents of LM_LICENSE_FILE environment variable
Info: cpu: # 2023.03.24 15:27:01 (*)   LM_LICENSE_FILE environment variable is empty
Info: cpu: # 2023.03.24 15:27:01 (*)   Plaintext license not found.
Info: cpu: # 2023.03.24 15:27:01 (*)   Checking for encrypted license (non-evaluation).
Info: cpu: # 2023.03.24 15:27:02 (*)   Couldn't query license setup in Quartus directory C:/intelFPGA_lite/18.1/quartus/bin64/
Info: cpu: # 2023.03.24 15:27:02 (*)   Defaulting to contents of LM_LICENSE_FILE environment variable
Info: cpu: # 2023.03.24 15:27:02 (*)   LM_LICENSE_FILE environment variable is empty
Info: cpu: # 2023.03.24 15:27:02 (*)   Encrypted license not found.  Defaulting to OCP evaluation license (produces a time-limited SOF)
Info: cpu: # 2023.03.24 15:27:02 (*)   Elaborating CPU configuration settings
Info: cpu: # 2023.03.24 15:27:02 (*)   Creating all objects for CPU
Info: cpu: # 2023.03.24 15:27:02 (*)     Testbench
Info: cpu: # 2023.03.24 15:27:02 (*)     Instruction decoding
Info: cpu: # 2023.03.24 15:27:02 (*)       Instruction fields
Info: cpu: # 2023.03.24 15:27:02 (*)       Instruction decodes
Info: cpu: # 2023.03.24 15:27:02 (*)       Signals for RTL simulation waveforms
Info: cpu: # 2023.03.24 15:27:02 (*)       Instruction controls
Info: cpu: # 2023.03.24 15:27:02 (*)     Pipeline frontend
Info: cpu: # 2023.03.24 15:27:02 (*)     Pipeline backend
Info: cpu: # 2023.03.24 15:27:03 (*)   Generating RTL from CPU objects
Info: cpu: # 2023.03.24 15:27:04 (*)   Creating encrypted RTL
Info: cpu: # 2023.03.24 15:27:04 (*) Done Nios II generation
Info: cpu: Done RTL generation for module 'Nios_System_A1_cpu_cpu'
Info: cpu: "cpu" instantiated altera_nios2_gen2_unit "cpu"
Info: cpu_data_master_translator: "mm_interconnect_0" instantiated altera_merlin_master_translator "cpu_data_master_translator"
Info: jtag_uart_avalon_jtag_slave_translator: "mm_interconnect_0" instantiated altera_merlin_slave_translator "jtag_uart_avalon_jtag_slave_translator"
Info: cpu_data_master_agent: "mm_interconnect_0" instantiated altera_merlin_master_agent "cpu_data_master_agent"
Info: jtag_uart_avalon_jtag_slave_agent: "mm_interconnect_0" instantiated altera_merlin_slave_agent "jtag_uart_avalon_jtag_slave_agent"
Info: jtag_uart_avalon_jtag_slave_agent_rsp_fifo: "mm_interconnect_0" instantiated altera_avalon_sc_fifo "jtag_uart_avalon_jtag_slave_agent_rsp_fifo"
Info: router: "mm_interconnect_0" instantiated altera_merlin_router "router"
Info: router_001: "mm_interconnect_0" instantiated altera_merlin_router "router_001"
Info: router_002: "mm_interconnect_0" instantiated altera_merlin_router "router_002"
Info: router_003: "mm_interconnect_0" instantiated altera_merlin_router "router_003"
Info: router_006: "mm_interconnect_0" instantiated altera_merlin_router "router_006"
Info: sdram_s1_burst_adapter: "mm_interconnect_0" instantiated altera_merlin_burst_adapter "sdram_s1_burst_adapter"
Info: cmd_demux: "mm_interconnect_0" instantiated altera_merlin_demultiplexer "cmd_demux"
Info: cmd_demux_001: "mm_interconnect_0" instantiated altera_merlin_demultiplexer "cmd_demux_001"
Info: cmd_mux: "mm_interconnect_0" instantiated altera_merlin_multiplexer "cmd_mux"
Info: cmd_mux_001: "mm_interconnect_0" instantiated altera_merlin_multiplexer "cmd_mux_001"
Info: Reusing file C:/Users/beckb/Documents/GitHub/Compsys701-Labs/Assignment_1/Part_1_Quartus/Nios_System_A1/synthesis/submodules/altera_merlin_arbitrator.sv
Info: rsp_demux: "mm_interconnect_0" instantiated altera_merlin_demultiplexer "rsp_demux"
Info: rsp_demux_001: "mm_interconnect_0" instantiated altera_merlin_demultiplexer "rsp_demux_001"
Info: rsp_mux: "mm_interconnect_0" instantiated altera_merlin_multiplexer "rsp_mux"
Info: Reusing file C:/Users/beckb/Documents/GitHub/Compsys701-Labs/Assignment_1/Part_1_Quartus/Nios_System_A1/synthesis/submodules/altera_merlin_arbitrator.sv
Info: rsp_mux_001: "mm_interconnect_0" instantiated altera_merlin_multiplexer "rsp_mux_001"
Info: Reusing file C:/Users/beckb/Documents/GitHub/Compsys701-Labs/Assignment_1/Part_1_Quartus/Nios_System_A1/synthesis/submodules/altera_merlin_arbitrator.sv
Info: sdram_s1_rsp_width_adapter: "mm_interconnect_0" instantiated altera_merlin_width_adapter "sdram_s1_rsp_width_adapter"
Info: Reusing file C:/Users/beckb/Documents/GitHub/Compsys701-Labs/Assignment_1/Part_1_Quartus/Nios_System_A1/synthesis/submodules/altera_merlin_address_alignment.sv
Info: Reusing file C:/Users/beckb/Documents/GitHub/Compsys701-Labs/Assignment_1/Part_1_Quartus/Nios_System_A1/synthesis/submodules/altera_merlin_burst_uncompressor.sv
Info: avalon_st_adapter: "mm_interconnect_0" instantiated altera_avalon_st_adapter "avalon_st_adapter"
Info: avalon_st_adapter_004: "mm_interconnect_0" instantiated altera_avalon_st_adapter "avalon_st_adapter_004"
Info: error_adapter_0: "avalon_st_adapter" instantiated error_adapter "error_adapter_0"
Info: error_adapter_0: "avalon_st_adapter_004" instantiated error_adapter "error_adapter_0"
Info: Nios_System_A1: Done "Nios_System_A1" with 41 modules, 67 files
Info: qsys-generate succeeded.
Info: Finished: Create HDL design files for synthesis
